2026-03-22 14:33:17,648	[INFO]	(client.py:162)_bot_login	[botpy] 登录机器人账号中...
2026-03-22 14:33:17,937	[INFO]	(robot.py:65)update_access_token	[botpy] access_token expires_in 6338
2026-03-22 14:33:18,626	[INFO]	(client.py:181)_bot_init	[botpy] 程序启动...
2026-03-22 14:33:18,626	[INFO]	(connection.py:60)multi_run	[botpy] 最大并发连接数: 1, 启动会话数: 1
2026-03-22 14:33:18,627	[INFO]	(client.py:242)bot_connect	[botpy] 会话启动中...
2026-03-22 14:33:18,627	[INFO]	(gateway.py:115)ws_connect	[botpy] 启动中...
2026-03-22 14:33:18,761	[INFO]	(gateway.py:142)ws_identify	[botpy] 鉴权中...
2026-03-22 14:33:19,030	[INFO]	(gateway.py:85)on_message	[botpy] 机器人「langbot」启动成功！
2026-03-22 14:33:19,030	[INFO]	(gateway.py:223)_send_heart	[botpy] 心跳维持启动...
2026-03-22 14:34:44,390	[INFO]	(client.py:162)_bot_login	[botpy] 登录机器人账号中...
2026-03-22 14:34:44,597	[INFO]	(robot.py:65)update_access_token	[botpy] access_token expires_in 6251
2026-03-22 14:34:45,032	[INFO]	(client.py:181)_bot_init	[botpy] 程序启动...
2026-03-22 14:34:45,032	[INFO]	(connection.py:60)multi_run	[botpy] 最大并发连接数: 1, 启动会话数: 1
2026-03-22 14:34:45,032	[INFO]	(client.py:242)bot_connect	[botpy] 会话启动中...
2026-03-22 14:34:45,032	[INFO]	(gateway.py:115)ws_connect	[botpy] 启动中...
2026-03-22 14:34:45,146	[INFO]	(gateway.py:142)ws_identify	[botpy] 鉴权中...
2026-03-22 14:34:45,261	[INFO]	(gateway.py:85)on_message	[botpy] 机器人「langbot」启动成功！
2026-03-22 14:34:45,261	[INFO]	(gateway.py:223)_send_heart	[botpy] 心跳维持启动...
2026-03-22 15:56:52,657	[INFO]	(client.py:162)_bot_login	[botpy] 登录机器人账号中...
2026-03-22 15:56:52,941	[INFO]	(robot.py:65)update_access_token	[botpy] access_token expires_in 1323
2026-03-22 15:56:53,338	[INFO]	(client.py:181)_bot_init	[botpy] 程序启动...
2026-03-22 15:56:53,338	[INFO]	(connection.py:60)multi_run	[botpy] 最大并发连接数: 1, 启动会话数: 1
2026-03-22 15:56:53,338	[INFO]	(client.py:242)bot_connect	[botpy] 会话启动中...
2026-03-22 15:56:53,338	[INFO]	(gateway.py:115)ws_connect	[botpy] 启动中...
2026-03-22 15:56:53,442	[INFO]	(gateway.py:142)ws_identify	[botpy] 鉴权中...
2026-03-22 15:56:53,571	[INFO]	(gateway.py:85)on_message	[botpy] 机器人「langbot」启动成功！
2026-03-22 15:56:53,572	[INFO]	(gateway.py:223)_send_heart	[botpy] 心跳维持启动...
2026-03-22 16:10:21,565	[INFO]	(gateway.py:56)on_closed	[botpy] 关闭, 返回码: 1006, 返回信息: None
2026-03-22 16:10:21,567	[INFO]	(gateway.py:134)ws_connect	[botpy] ws关闭, 停止接收消息!
2026-03-22 23:57:33,942	[INFO]	(client.py:162)_bot_login	[botpy] 登录机器人账号中...
2026-03-22 23:57:34,265	[INFO]	(robot.py:65)update_access_token	[botpy] access_token expires_in 2161
2026-03-22 23:57:34,931	[INFO]	(client.py:181)_bot_init	[botpy] 程序启动...
2026-03-22 23:57:34,931	[INFO]	(connection.py:60)multi_run	[botpy] 最大并发连接数: 1, 启动会话数: 1
2026-03-22 23:57:34,931	[INFO]	(client.py:242)bot_connect	[botpy] 会话启动中...
2026-03-22 23:57:34,931	[INFO]	(gateway.py:115)ws_connect	[botpy] 启动中...
2026-03-22 23:57:35,050	[INFO]	(gateway.py:142)ws_identify	[botpy] 鉴权中...
2026-03-22 23:57:35,173	[INFO]	(gateway.py:85)on_message	[botpy] 机器人「langbot」启动成功！
2026-03-22 23:57:35,173	[INFO]	(gateway.py:223)_send_heart	[botpy] 心跳维持启动...
